<?xml version="1.0" encoding="UTF-8"?>
<!-- Generated by org.testng.reporters.JUnitXMLReporter -->
<testsuite ignored="0" hostname="DESKTOP-1SNMPBK" failures="0" tests="3" name="Default test" time="8.982" errors="0" timestamp="20 Mar 2023 13:01:56 GMT">
  <testcase classname="testNG.LoginFunctionality" name="Login" time="4.826"/>
  <testcase classname="testNG.LoginFunctionality" name="clickOnCatalog" time="0.095"/>
  <testcase classname="testNG.LoginFunctionality" name="verifyDashBord" time="0.005"/>
</testsuite> <!-- Default test -->
