<?xml version="1.0" encoding="UTF-8"?>
<testng-results ignored="0" total="3" passed="3" failed="0" skipped="0">
  <reporter-output>
  </reporter-output>
  <suite started-at="2023-03-20T13:01:47Z" name="Default suite" finished-at="2023-03-20T13:01:56Z" duration-ms="8982">
    <groups>
    </groups>
    <test started-at="2023-03-20T13:01:47Z" name="Default test" finished-at="2023-03-20T13:01:56Z" duration-ms="8982">
      <class name="testNG.LoginFunctionality">
        <test-method is-config="true" signature="setUp()[pri:0, instance:testNG.LoginFunctionality@2c78d320]" started-at="2023-03-20T13:01:47Z" name="setUp" finished-at="2023-03-20T13:01:51Z" duration-ms="4030" status="PASS">
          <reporter-output>
          </reporter-output>
        </test-method> <!-- setUp -->
        <test-method signature="Login()[pri:0, instance:testNG.LoginFunctionality@2c78d320]" started-at="2023-03-20T13:01:51Z" name="Login" finished-at="2023-03-20T13:01:56Z" duration-ms="4826" status="PASS">
          <reporter-output>
          </reporter-output>
        </test-method> <!-- Login -->
        <test-method signature="clickOnCatalog()[pri:0, instance:testNG.LoginFunctionality@2c78d320]" started-at="2023-03-20T13:01:56Z" name="clickOnCatalog" finished-at="2023-03-20T13:01:56Z" duration-ms="95" status="PASS">
          <reporter-output>
          </reporter-output>
        </test-method> <!-- clickOnCatalog -->
        <test-method signature="verifyDashBord()[pri:0, instance:testNG.LoginFunctionality@2c78d320]" started-at="2023-03-20T13:01:56Z" name="verifyDashBord" finished-at="2023-03-20T13:01:56Z" duration-ms="5" status="PASS">
          <reporter-output>
          </reporter-output>
        </test-method> <!-- verifyDashBord -->
      </class> <!-- testNG.LoginFunctionality -->
    </test> <!-- Default test -->
  </suite> <!-- Default suite -->
</testng-results>
